<?xml version="1.0" encoding="UTF-8"?>
<testng-results skipped="0" failed="0" ignored="0" total="1" passed="1">
  <reporter-output>
  </reporter-output>
  <suite name="Default suite" duration-ms="10863" started-at="2019-08-20T09:36:50Z" finished-at="2019-08-20T09:37:01Z">
    <groups>
    </groups>
    <test name="Default test" duration-ms="10863" started-at="2019-08-20T09:36:50Z" finished-at="2019-08-20T09:37:01Z">
      <class name="ConfigurationDemo.TestSeleniuminChrome">
        <test-method status="PASS" signature="testChrome()[pri:0, instance:ConfigurationDemo.TestSeleniuminChrome@e874448]" name="testChrome" duration-ms="10847" started-at="2019-08-20T09:36:50Z" finished-at="2019-08-20T09:37:01Z">
          <reporter-output>
          </reporter-output>
        </test-method> <!-- testChrome -->
      </class> <!-- ConfigurationDemo.TestSeleniuminChrome -->
    </test> <!-- Default test -->
  </suite> <!-- Default suite -->
</testng-results>
